==17986== Memcheck, a memory error detector
==17986== Copyright (C) 2002-2022, and GNU GPL'd, by Julian Seward et al.
==17986== Using Valgrind-3.19.0 and LibVEX; rerun with -h for copyright info
==17986== Command: ./kvs jobs/ 2
==17986== 
==17986== Invalid read of size 8
==17986==    at 0x10B78B: delete_pair (kvs.c:98)
==17986==    by 0x10A375: kvs_delete (operations.c:103)
==17986==    by 0x109ABD: main (main.c:131)
==17986==  Address 0x0 is not stack'd, malloc'd or (recently) free'd
==17986== 
==17986== 
==17986== Process terminating with default action of signal 11 (SIGSEGV)
==17986==  Access not within mapped region at address 0x0
==17986==    at 0x10B78B: delete_pair (kvs.c:98)
==17986==    by 0x10A375: kvs_delete (operations.c:103)
==17986==    by 0x109ABD: main (main.c:131)
==17986==  If you believe this happened as a result of a stack
==17986==  overflow in your program's main thread (unlikely but
==17986==  possible), you can try to increase the size of the
==17986==  main thread stack using the --main-stacksize= flag.
==17986==  The main thread stack size used in this run was 8388608.
==17986== 
==17986== HEAP SUMMARY:
==17986==     in use at exit: 34,964 bytes in 74 blocks
==17986==   total heap usage: 74 allocs, 0 frees, 34,964 bytes allocated
==17986== 
==17986== 1,940 (1,152 direct, 788 indirect) bytes in 18 blocks are definitely lost in loss record 5 of 6
==17986==    at 0x4843828: malloc (in /usr/libexec/valgrind/vgpreload_memcheck-amd64-linux.so)
==17986==    by 0x10B567: create_IndexList (kvs.c:32)
==17986==    by 0x10B5E9: write_pair (kvs.c:45)
==17986==    by 0x109FAE: kvs_write (operations.c:47)
==17986==    by 0x109973: main (main.c:104)
==17986== 
==17986== LEAK SUMMARY:
==17986==    definitely lost: 1,152 bytes in 18 blocks
==17986==    indirectly lost: 788 bytes in 54 blocks
==17986==      possibly lost: 0 bytes in 0 blocks
==17986==    still reachable: 33,024 bytes in 2 blocks
==17986==         suppressed: 0 bytes in 0 blocks
==17986== Reachable blocks (those to which a pointer was found) are not shown.
==17986== To see them, rerun with: --leak-check=full --show-leak-kinds=all
==17986== 
==17986== ERROR SUMMARY: 2 errors from 2 contexts (suppressed: 0 from 0)
==17986== 
==17986== 1 errors in context 1 of 2:
==17986== Invalid read of size 8
==17986==    at 0x10B78B: delete_pair (kvs.c:98)
==17986==    by 0x10A375: kvs_delete (operations.c:103)
==17986==    by 0x109ABD: main (main.c:131)
==17986==  Address 0x0 is not stack'd, malloc'd or (recently) free'd
==17986== 
==17986== ERROR SUMMARY: 2 errors from 2 contexts (suppressed: 0 from 0)
==17987== Invalid read of size 8
==17987==    at 0x10A650: kvs_backup (operations.c:151)
==17987==    by 0x109CD8: main (main.c:178)
==17987==  Address 0x0 is not stack'd, malloc'd or (recently) free'd
==17987== 
==17987== 
==17987== Process terminating with default action of signal 11 (SIGSEGV)
==17987==  Access not within mapped region at address 0x0
==17987==    at 0x10A650: kvs_backup (operations.c:151)
==17987==    by 0x109CD8: main (main.c:178)
==17987==  If you believe this happened as a result of a stack
==17987==  overflow in your program's main thread (unlikely but
==17987==  possible), you can try to increase the size of the
==17987==  main thread stack using the --main-stacksize= flag.
==17987==  The main thread stack size used in this run was 8388608.
==17987== 
==17987== HEAP SUMMARY:
==17987==     in use at exit: 34,964 bytes in 74 blocks
==17987==   total heap usage: 74 allocs, 0 frees, 34,964 bytes allocated
==17987== 
==17987== 1,940 (1,152 direct, 788 indirect) bytes in 18 blocks are definitely lost in loss record 5 of 6
==17987==    at 0x4843828: malloc (in /usr/libexec/valgrind/vgpreload_memcheck-amd64-linux.so)
==17987==    by 0x10B567: create_IndexList (kvs.c:32)
==17987==    by 0x10B5E9: write_pair (kvs.c:45)
==17987==    by 0x109FAE: kvs_write (operations.c:47)
==17987==    by 0x109973: main (main.c:104)
==17987== 
==17987== LEAK SUMMARY:
==17987==    definitely lost: 1,152 bytes in 18 blocks
==17987==    indirectly lost: 788 bytes in 54 blocks
==17987==      possibly lost: 0 bytes in 0 blocks
==17987==    still reachable: 33,024 bytes in 2 blocks
==17987==         suppressed: 0 bytes in 0 blocks
==17987== Reachable blocks (those to which a pointer was found) are not shown.
==17987== To see them, rerun with: --leak-check=full --show-leak-kinds=all
==17987== 
==17987== ERROR SUMMARY: 2 errors from 2 contexts (suppressed: 0 from 0)
==17987== 
==17987== 1 errors in context 1 of 2:
==17987== Invalid read of size 8
==17987==    at 0x10A650: kvs_backup (operations.c:151)
==17987==    by 0x109CD8: main (main.c:178)
==17987==  Address 0x0 is not stack'd, malloc'd or (recently) free'd
==17987== 
==17987== ERROR SUMMARY: 2 errors from 2 contexts (suppressed: 0 from 0)
