==17794== Memcheck, a memory error detector
==17794== Copyright (C) 2002-2022, and GNU GPL'd, by Julian Seward et al.
==17794== Using Valgrind-3.19.0 and LibVEX; rerun with -h for copyright info
==17794== Command: ./kvs jobs/ 2
==17794== 
==17794== Invalid read of size 8
==17794==    at 0x10B78B: delete_pair (kvs.c:98)
==17794==    by 0x10A375: kvs_delete (operations.c:103)
==17794==    by 0x109ABD: main (main.c:131)
==17794==  Address 0x0 is not stack'd, malloc'd or (recently) free'd
==17794== 
==17794== 
==17794== Process terminating with default action of signal 11 (SIGSEGV)
==17794==  Access not within mapped region at address 0x0
==17794==    at 0x10B78B: delete_pair (kvs.c:98)
==17794==    by 0x10A375: kvs_delete (operations.c:103)
==17794==    by 0x109ABD: main (main.c:131)
==17794==  If you believe this happened as a result of a stack
==17794==  overflow in your program's main thread (unlikely but
==17794==  possible), you can try to increase the size of the
==17794==  main thread stack using the --main-stacksize= flag.
==17794==  The main thread stack size used in this run was 8388608.
==17794== 
==17794== HEAP SUMMARY:
==17794==     in use at exit: 34,964 bytes in 74 blocks
==17794==   total heap usage: 74 allocs, 0 frees, 34,964 bytes allocated
==17794== 
==17794== 1,940 (1,152 direct, 788 indirect) bytes in 18 blocks are definitely lost in loss record 5 of 6
==17794==    at 0x4843828: malloc (in /usr/libexec/valgrind/vgpreload_memcheck-amd64-linux.so)
==17794==    by 0x10B567: create_IndexList (kvs.c:32)
==17794==    by 0x10B5E9: write_pair (kvs.c:45)
==17794==    by 0x109FAE: kvs_write (operations.c:47)
==17794==    by 0x109973: main (main.c:104)
==17794== 
==17794== LEAK SUMMARY:
==17794==    definitely lost: 1,152 bytes in 18 blocks
==17794==    indirectly lost: 788 bytes in 54 blocks
==17794==      possibly lost: 0 bytes in 0 blocks
==17794==    still reachable: 33,024 bytes in 2 blocks
==17794==         suppressed: 0 bytes in 0 blocks
==17794== Reachable blocks (those to which a pointer was found) are not shown.
==17794== To see them, rerun with: --leak-check=full --show-leak-kinds=all
==17794== 
==17794== ERROR SUMMARY: 2 errors from 2 contexts (suppressed: 0 from 0)
==17794== 
==17794== 1 errors in context 1 of 2:
==17794== Invalid read of size 8
==17794==    at 0x10B78B: delete_pair (kvs.c:98)
==17794==    by 0x10A375: kvs_delete (operations.c:103)
==17794==    by 0x109ABD: main (main.c:131)
==17794==  Address 0x0 is not stack'd, malloc'd or (recently) free'd
==17794== 
==17794== ERROR SUMMARY: 2 errors from 2 contexts (suppressed: 0 from 0)
==17795== Invalid read of size 8
==17795==    at 0x10A650: kvs_backup (operations.c:151)
==17795==    by 0x109CD8: main (main.c:178)
==17795==  Address 0x0 is not stack'd, malloc'd or (recently) free'd
==17795== 
==17795== 
==17795== Process terminating with default action of signal 11 (SIGSEGV)
==17795==  Access not within mapped region at address 0x0
==17795==    at 0x10A650: kvs_backup (operations.c:151)
==17795==    by 0x109CD8: main (main.c:178)
==17795==  If you believe this happened as a result of a stack
==17795==  overflow in your program's main thread (unlikely but
==17795==  possible), you can try to increase the size of the
==17795==  main thread stack using the --main-stacksize= flag.
==17795==  The main thread stack size used in this run was 8388608.
==17795== 
==17795== HEAP SUMMARY:
==17795==     in use at exit: 34,964 bytes in 74 blocks
==17795==   total heap usage: 74 allocs, 0 frees, 34,964 bytes allocated
==17795== 
==17795== 1,940 (1,152 direct, 788 indirect) bytes in 18 blocks are definitely lost in loss record 5 of 6
==17795==    at 0x4843828: malloc (in /usr/libexec/valgrind/vgpreload_memcheck-amd64-linux.so)
==17795==    by 0x10B567: create_IndexList (kvs.c:32)
==17795==    by 0x10B5E9: write_pair (kvs.c:45)
==17795==    by 0x109FAE: kvs_write (operations.c:47)
==17795==    by 0x109973: main (main.c:104)
==17795== 
==17795== LEAK SUMMARY:
==17795==    definitely lost: 1,152 bytes in 18 blocks
==17795==    indirectly lost: 788 bytes in 54 blocks
==17795==      possibly lost: 0 bytes in 0 blocks
==17795==    still reachable: 33,024 bytes in 2 blocks
==17795==         suppressed: 0 bytes in 0 blocks
==17795== Reachable blocks (those to which a pointer was found) are not shown.
==17795== To see them, rerun with: --leak-check=full --show-leak-kinds=all
==17795== 
==17795== ERROR SUMMARY: 2 errors from 2 contexts (suppressed: 0 from 0)
==17795== 
==17795== 1 errors in context 1 of 2:
==17795== Invalid read of size 8
==17795==    at 0x10A650: kvs_backup (operations.c:151)
==17795==    by 0x109CD8: main (main.c:178)
==17795==  Address 0x0 is not stack'd, malloc'd or (recently) free'd
==17795== 
==17795== ERROR SUMMARY: 2 errors from 2 contexts (suppressed: 0 from 0)
