==17974== Memcheck, a memory error detector
==17974== Copyright (C) 2002-2022, and GNU GPL'd, by Julian Seward et al.
==17974== Using Valgrind-3.19.0 and LibVEX; rerun with -h for copyright info
==17974== Command: ./kvs jobs/ 2
==17974== 
==17975== 
==17975== HEAP SUMMARY:
==17975==     in use at exit: 0 bytes in 0 blocks
==17975==   total heap usage: 30 allocs, 30 frees, 33,852 bytes allocated
==17975== 
==17975== All heap blocks were freed -- no leaks are possible
==17975== 
==17975== For lists of detected and suppressed errors, rerun with: -s
==17975== ERROR SUMMARY: 0 errors from 0 contexts (suppressed: 0 from 0)
==17976== 
==17976== HEAP SUMMARY:
==17976==     in use at exit: 0 bytes in 0 blocks
==17976==   total heap usage: 30 allocs, 30 frees, 33,852 bytes allocated
==17976== 
==17976== All heap blocks were freed -- no leaks are possible
==17976== 
==17976== For lists of detected and suppressed errors, rerun with: -s
==17976== ERROR SUMMARY: 0 errors from 0 contexts (suppressed: 0 from 0)
==17977== 
==17977== HEAP SUMMARY:
==17977==     in use at exit: 0 bytes in 0 blocks
==17977==   total heap usage: 30 allocs, 30 frees, 33,852 bytes allocated
==17977== 
==17977== All heap blocks were freed -- no leaks are possible
==17977== 
==17977== For lists of detected and suppressed errors, rerun with: -s
==17977== ERROR SUMMARY: 0 errors from 0 contexts (suppressed: 0 from 0)
==17978== 
==17978== HEAP SUMMARY:
==17978==     in use at exit: 0 bytes in 0 blocks
==17978==   total heap usage: 30 allocs, 30 frees, 33,852 bytes allocated
==17978== 
==17978== All heap blocks were freed -- no leaks are possible
==17978== 
==17978== For lists of detected and suppressed errors, rerun with: -s
==17978== ERROR SUMMARY: 0 errors from 0 contexts (suppressed: 0 from 0)
==17979== 
==17979== HEAP SUMMARY:
==17979==     in use at exit: 0 bytes in 0 blocks
==17979==   total heap usage: 30 allocs, 30 frees, 33,852 bytes allocated
==17979== 
==17979== All heap blocks were freed -- no leaks are possible
==17979== 
==17979== For lists of detected and suppressed errors, rerun with: -s
==17979== ERROR SUMMARY: 0 errors from 0 contexts (suppressed: 0 from 0)
==17980== 
==17980== HEAP SUMMARY:
==17980==     in use at exit: 0 bytes in 0 blocks
==17980==   total heap usage: 43 allocs, 43 frees, 34,059 bytes allocated
==17980== 
==17980== All heap blocks were freed -- no leaks are possible
==17980== 
==17980== For lists of detected and suppressed errors, rerun with: -s
==17980== ERROR SUMMARY: 0 errors from 0 contexts (suppressed: 0 from 0)
==17994== 
==17994== HEAP SUMMARY:
==17994==     in use at exit: 0 bytes in 0 blocks
==17994==   total heap usage: 43 allocs, 43 frees, 34,059 bytes allocated
==17994== 
==17994== All heap blocks were freed -- no leaks are possible
==17994== 
==17994== For lists of detected and suppressed errors, rerun with: -s
==17994== ERROR SUMMARY: 0 errors from 0 contexts (suppressed: 0 from 0)
==17995== 
==17995== HEAP SUMMARY:
==17995==     in use at exit: 0 bytes in 0 blocks
==17995==   total heap usage: 43 allocs, 43 frees, 34,059 bytes allocated
==17995== 
==17995== All heap blocks were freed -- no leaks are possible
==17995== 
==17995== For lists of detected and suppressed errors, rerun with: -s
==17995== ERROR SUMMARY: 0 errors from 0 contexts (suppressed: 0 from 0)
==17996== 
==17996== HEAP SUMMARY:
==17996==     in use at exit: 0 bytes in 0 blocks
==17996==   total heap usage: 43 allocs, 43 frees, 34,059 bytes allocated
==17996== 
==17996== All heap blocks were freed -- no leaks are possible
==17996== 
==17996== For lists of detected and suppressed errors, rerun with: -s
==17996== ERROR SUMMARY: 0 errors from 0 contexts (suppressed: 0 from 0)
==17997== 
==17997== HEAP SUMMARY:
==17997==     in use at exit: 0 bytes in 0 blocks
==17997==   total heap usage: 43 allocs, 43 frees, 34,059 bytes allocated
==17997== 
==17997== All heap blocks were freed -- no leaks are possible
==17997== 
==17997== For lists of detected and suppressed errors, rerun with: -s
==17997== ERROR SUMMARY: 0 errors from 0 contexts (suppressed: 0 from 0)
==17974== 
==17974== HEAP SUMMARY:
==17974==     in use at exit: 0 bytes in 0 blocks
==17974==   total heap usage: 43 allocs, 43 frees, 34,059 bytes allocated
==17974== 
==17974== All heap blocks were freed -- no leaks are possible
==17974== 
==17974== For lists of detected and suppressed errors, rerun with: -s
==17974== ERROR SUMMARY: 0 errors from 0 contexts (suppressed: 0 from 0)
==17998== 
==17998== HEAP SUMMARY:
==17998==     in use at exit: 0 bytes in 0 blocks
==17998==   total heap usage: 43 allocs, 43 frees, 34,059 bytes allocated
==17998== 
==17998== All heap blocks were freed -- no leaks are possible
==17998== 
==17998== For lists of detected and suppressed errors, rerun with: -s
==17998== ERROR SUMMARY: 0 errors from 0 contexts (suppressed: 0 from 0)
